# JRE version: Java(TM) SE Runtime Environment (12.0.2+10) (build 12.0.2+10)
# Java VM: Java HotSpot(TM) 64-Bit Server VM (12.0.2+10, mixed mode, sharing, tiered, compressed oops, g1 gc, linux-amd64)
Heap:
 garbage-first heap   total 106496K, used 30137K [0x0000000706400000, 0x0000000800000000)
  region size 1024K, 10 young (10240K), 5 survivors (5120K)
 Metaspace       used 51176K, capacity 52056K, committed 52608K, reserved 1095680K
  class space    used 6581K, capacity 6920K, committed 7040K, reserved 1048576K
GC Heap History (10 events):
Event: 1,824 GC heap before
{Heap before GC invocations=6 (full 0):
 garbage-first heap   total 91136K, used 58709K [0x0000000706400000, 0x0000000800000000)
  region size 1024K, 45 young (46080K), 4 survivors (4096K)
 Metaspace       used 31451K, capacity 32272K, committed 32512K, reserved 1077248K
  class space    used 3994K, capacity 4311K, committed 4352K, reserved 1048576K
}
Event: 1,833 GC heap after
{Heap after GC invocations=7 (full 0):
 garbage-first heap   total 91136K, used 19038K [0x0000000706400000, 0x0000000800000000)
  region size 1024K, 6 young (6144K), 6 survivors (6144K)
 Metaspace       used 31451K, capacity 32272K, committed 32512K, reserved 1077248K
  class space    used 3994K, capacity 4311K, committed 4352K, reserved 1048576K
}
Event: 2,302 GC heap before
{Heap before GC invocations=7 (full 0):
 garbage-first heap   total 91136K, used 62046K [0x0000000706400000, 0x0000000800000000)
  region size 1024K, 48 young (49152K), 6 survivors (6144K)
 Metaspace       used 34221K, capacity 35017K, committed 35200K, reserved 1079296K
  class space    used 4335K, capacity 4637K, committed 4736K, reserved 1048576K
}
Event: 2,312 GC heap after
{Heap after GC invocations=8 (full 0):
 garbage-first heap   total 91136K, used 21544K [0x0000000706400000, 0x0000000800000000)
  region size 1024K, 5 young (5120K), 5 survivors (5120K)
 Metaspace       used 34221K, capacity 35017K, committed 35200K, reserved 1079296K
  class space    used 4335K, capacity 4637K, committed 4736K, reserved 1048576K
}
Event: 2,428 GC heap before
{Heap before GC invocations=8 (full 0):
 garbage-first heap   total 91136K, used 28712K [0x0000000706400000, 0x0000000800000000)
  region size 1024K, 13 young (13312K), 5 survivors (5120K)
 Metaspace       used 34915K, capacity 35723K, committed 35840K, reserved 1081344K
  class space    used 4418K, capacity 4765K, committed 4864K, reserved 1048576K
}
Event: 2,436 GC heap after
{Heap after GC invocations=9 (full 0):
 garbage-first heap   total 91136K, used 21678K [0x0000000706400000, 0x0000000800000000)
  region size 1024K, 3 young (3072K), 3 survivors (3072K)
 Metaspace       used 34915K, capacity 35723K, committed 35840K, reserved 1081344K
  class space    used 4418K, capacity 4765K, committed 4864K, reserved 1048576K
}
Event: 2,964 GC heap before
{Heap before GC invocations=10 (full 0):
 garbage-first heap   total 86016K, used 64686K [0x0000000706400000, 0x0000000800000000)
  region size 1024K, 45 young (46080K), 3 survivors (3072K)
 Metaspace       used 40828K, capacity 41759K, committed 42112K, reserved 1085440K
  class space    used 5359K, capacity 5707K, committed 5760K, reserved 1048576K
}
Event: 2,978 GC heap after
{Heap after GC invocations=11 (full 0):
 garbage-first heap   total 106496K, used 23432K [0x0000000706400000, 0x0000000800000000)
  region size 1024K, 5 young (5120K), 5 survivors (5120K)
 Metaspace       used 40828K, capacity 41759K, committed 42112K, reserved 1085440K
  class space    used 5359K, capacity 5707K, committed 5760K, reserved 1048576K
}
Event: 3,636 GC heap before
{Heap before GC invocations=11 (full 0):
 garbage-first heap   total 106496K, used 73608K [0x0000000706400000, 0x0000000800000000)
  region size 1024K, 54 young (55296K), 5 survivors (5120K)
 Metaspace       used 49936K, capacity 50837K, committed 51456K, reserved 1093632K
  class space    used 6439K, capacity 6791K, committed 6912K, reserved 1048576K
}
Event: 3,645 GC heap after
{Heap after GC invocations=12 (full 0):
 garbage-first heap   total 106496K, used 26041K [0x0000000706400000, 0x0000000800000000)
  region size 1024K, 5 young (5120K), 5 survivors (5120K)
 Metaspace       used 49936K, capacity 50837K, committed 51456K, reserved 1093632K
  class space    used 6439K, capacity 6791K, committed 6912K, reserved 1048576K
}

